2025-11-07 10:33:02,193 [INFO] package: mysql.connector.plugins
2025-11-07 10:33:02,194 [INFO] plugin_name: caching_sha2_password
2025-11-07 10:33:02,194 [INFO] AUTHENTICATION_PLUGIN_CLASS: MySQLCachingSHA2PasswordAuthPlugin
2025-11-07 10:33:02,194 [INFO] package: mysql.connector.plugins
2025-11-07 10:33:02,194 [INFO] plugin_name: mysql_native_password
2025-11-07 10:33:02,197 [INFO] AUTHENTICATION_PLUGIN_CLASS: MySQLNativePasswordAuthPlugin
2025-11-07 10:33:25,929 [ERROR] $2330.TW: possibly delisted; no price data found  (1d 2025-11-06 -> 2025-11-06)
2025-11-07 14:20:45,483 [ERROR] $3003.TW: possibly delisted; no price data found  (1d 2025-11-06 -> 2025-11-06)
2025-11-07 14:21:11,018 [ERROR] $3003.TW: possibly delisted; no price data found  (1d 2025-11-06 -> 2025-11-06)
2025-11-07 14:21:15,685 [ERROR] $1301.TW: possibly delisted; no price data found  (1d 2025-11-06 -> 2025-11-06)
2025-11-07 14:21:18,165 [ERROR] $3322.TWO: possibly delisted; no price data found  (1d 2025-11-06 -> 2025-11-06)
2025-11-07 14:25:29,152 [ERROR] $3003.TW: possibly delisted; no price data found  (1d 2025-11-06 -> 2025-11-06)
2025-11-07 14:25:31,479 [ERROR] $1301.TW: possibly delisted; no price data found  (1d 2025-11-06 -> 2025-11-06)
2025-11-07 14:25:33,777 [ERROR] $3322.TWO: possibly delisted; no price data found  (1d 2025-11-06 -> 2025-11-06)
2025-11-07 14:47:33,575 [ERROR] $3322.TWO: possibly delisted; no price data found  (1d 2025-11-06 -> 2025-11-06)
2025-11-10 09:41:31,708 [INFO] package: mysql.connector.plugins
2025-11-10 09:41:31,709 [INFO] plugin_name: caching_sha2_password
2025-11-10 09:41:31,709 [INFO] AUTHENTICATION_PLUGIN_CLASS: MySQLCachingSHA2PasswordAuthPlugin
2025-11-10 09:41:31,711 [INFO] package: mysql.connector.plugins
2025-11-10 09:41:31,711 [INFO] plugin_name: mysql_native_password
2025-11-10 09:41:31,713 [INFO] AUTHENTICATION_PLUGIN_CLASS: MySQLNativePasswordAuthPlugin
2025-11-10 09:41:35,143 [ERROR] $2303.TW: possibly delisted; no price data found  (1d 2025-11-08 -> 2025-11-09)
2025-11-10 11:58:22,346 [ERROR] $2330.TW: possibly delisted; no price data found  (1d 2025-11-08 -> 2025-11-09)
2025-11-10 12:03:10,533 [ERROR] $2317.TW: possibly delisted; no price data found  (1d 2025-11-08 -> 2025-11-09)
2025-11-10 12:03:13,320 [ERROR] $2330.TW: possibly delisted; no price data found  (1d 2025-11-08 -> 2025-11-09)
2025-11-10 13:14:05,600 [ERROR] $2330.TW: possibly delisted; no price data found  (1d 2025-11-08 -> 2025-11-09)
2025-11-10 14:02:08,263 [ERROR] $2330.TW: possibly delisted; no price data found  (1d 2025-11-08 -> 2025-11-09)
2025-11-10 14:02:21,661 [ERROR] $2317.TW: possibly delisted; no price data found  (1d 2025-11-08 -> 2025-11-09)
2025-11-10 14:02:24,355 [ERROR] $2330.TW: possibly delisted; no price data found  (1d 2025-11-08 -> 2025-11-09)
